org.objectweb.asm.tree.analysis.AnalyzerException: Error at instruction 267: Insufficient maximum stack size.
	at org.objectweb.asm.tree.analysis@9.2.0/org.objectweb.asm.tree.analysis.Analyzer.analyze(Analyzer.java:296)
	at MC-BOOTSTRAP/org.spongepowered.mixin/org.spongepowered.asm.util.Locals.generateLocalVariableTable(Locals.java:717)
	at MC-BOOTSTRAP/org.spongepowered.mixin/org.spongepowered.asm.util.Locals.getGeneratedLocalVariableTable(Locals.java:686)
	at MC-BOOTSTRAP/org.spongepowered.mixin/org.spongepowered.asm.util.Locals.getLocalVariableAt(Locals.java:640)
	at MC-BOOTSTRAP/org.spongepowered.mixin/org.spongepowered.asm.util.Locals.getLocalVariableAt(Locals.java:610)
	at MC-BOOTSTRAP/org.spongepowered.mixin/org.spongepowered.asm.util.Locals.getLocalsAt(Locals.java:525)
	at MC-BOOTSTRAP/org.spongepowered.mixin/org.spongepowered.asm.util.Locals.getLocalsAt(Locals.java:335)
	at MC-BOOTSTRAP/org.spongepowered.mixin/org.spongepowered.asm.mixin.injection.callback.CallbackInjector.preInject(CallbackInjector.java:429)
	at MC-BOOTSTRAP/org.spongepowered.mixin/org.spongepowered.asm.mixin.injection.code.Injector.preInject(Injector.java:258)
	at MC-BOOTSTRAP/org.spongepowered.mixin/org.spongepowered.asm.mixin.injection.struct.InjectionInfo.preInject(InjectionInfo.java:436)
	at MC-BOOTSTRAP/org.spongepowered.mixin/org.spongepowered.asm.mixin.transformer.MixinTargetContext.applyInjections(MixinTargetContext.java:1348)
	at MC-BOOTSTRAP/org.spongepowered.mixin/org.spongepowered.asm.mixin.transformer.MixinApplicatorStandard.applyInjections(MixinApplicatorStandard.java:1051)
	at MC-BOOTSTRAP/org.spongepowered.mixin/org.spongepowered.asm.mixin.transformer.MixinApplicatorStandard.applyMixin(MixinApplicatorStandard.java:400)
	at MC-BOOTSTRAP/org.spongepowered.mixin/org.spongepowered.asm.mixin.transformer.MixinApplicatorStandard.apply(MixinApplicatorStandard.java:325)
	at MC-BOOTSTRAP/org.spongepowered.mixin/org.spongepowered.asm.mixin.transformer.TargetClassContext.apply(TargetClassContext.java:383)
	at MC-BOOTSTRAP/org.spongepowered.mixin/org.spongepowered.asm.mixin.transformer.TargetClassContext.applyMixins(TargetClassContext.java:365)
	at MC-BOOTSTRAP/org.spongepowered.mixin/org.spongepowered.asm.mixin.transformer.MixinProcessor.applyMixins(MixinProcessor.java:363)
	at MC-BOOTSTRAP/org.spongepowered.mixin/org.spongepowered.asm.mixin.transformer.MixinTransformer.transformClass(MixinTransformer.java:250)
	at MC-BOOTSTRAP/org.spongepowered.mixin/org.spongepowered.asm.service.modlauncher.MixinTransformationHandler.processClass(MixinTransformationHandler.java:131)
	at MC-BOOTSTRAP/org.spongepowered.mixin/org.spongepowered.asm.launch.MixinLaunchPluginLegacy.processClass(MixinLaunchPluginLegacy.java:131)
	at MC-BOOTSTRAP/cpw.mods.modlauncher@9.1.3/cpw.mods.modlauncher.serviceapi.ILaunchPluginService.processClassWithFlags(ILaunchPluginService.java:156)
	at MC-BOOTSTRAP/cpw.mods.modlauncher@9.1.3/cpw.mods.modlauncher.LaunchPluginHandler.offerClassNodeToPlugins(LaunchPluginHandler.java:88)
	at MC-BOOTSTRAP/cpw.mods.modlauncher@9.1.3/cpw.mods.modlauncher.ClassTransformer.transform(ClassTransformer.java:120)
	at MC-BOOTSTRAP/cpw.mods.modlauncher@9.1.3/cpw.mods.modlauncher.TransformingClassLoader.maybeTransformClassBytes(TransformingClassLoader.java:50)
	at cpw.mods.securejarhandler@1.0.3/cpw.mods.cl.ModuleClassLoader.readerToClass(ModuleClassLoader.java:110)
	at cpw.mods.securejarhandler@1.0.3/cpw.mods.cl.ModuleClassLoader.lambda$findClass$16(ModuleClassLoader.java:216)
	at cpw.mods.securejarhandler@1.0.3/cpw.mods.cl.ModuleClassLoader.loadFromModule(ModuleClassLoader.java:226)
	at cpw.mods.securejarhandler@1.0.3/cpw.mods.cl.ModuleClassLoader.findClass(ModuleClassLoader.java:216)
	at cpw.mods.securejarhandler@1.0.3/cpw.mods.cl.ModuleClassLoader.loadClass(ModuleClassLoader.java:132)
	at java.base/java.lang.ClassLoader.loadClass(ClassLoader.java:520)
	at TRANSFORMER/integrateddynamics@1.11.7/org.cyclops.integrateddynamics.part.aspect.Aspects$Read$ExtraDimensional.<clinit>(Aspects.java:245)
	at TRANSFORMER/integrateddynamics@1.11.7/org.cyclops.integrateddynamics.part.PartTypeExtraDimensionalReader.<init>(PartTypeExtraDimensionalReader.java:19)
	at TRANSFORMER/integrateddynamics@1.11.7/org.cyclops.integrateddynamics.core.part.PartTypes.<clinit>(PartTypes.java:19)
	at TRANSFORMER/integrateddynamics@1.11.7/org.cyclops.integrateddynamics.IntegratedDynamics.<init>(IntegratedDynamics.java:133)
	at java.base/jdk.internal.reflect.NativeConstructorAccessorImpl.newInstance0(Native Method)
	at java.base/jdk.internal.reflect.NativeConstructorAccessorImpl.newInstance(NativeConstructorAccessorImpl.java:77)
	at java.base/jdk.internal.reflect.DelegatingConstructorAccessorImpl.newInstance(DelegatingConstructorAccessorImpl.java:45)
	at java.base/java.lang.reflect.Constructor.newInstanceWithCaller(Constructor.java:499)
	at java.base/java.lang.reflect.Constructor.newInstance(Constructor.java:480)
	at LAYER PLUGIN/javafmllanguage@1.18.2-40.1.68/net.minecraftforge.fml.javafmlmod.FMLModContainer.constructMod(FMLModContainer.java:67)
	at LAYER PLUGIN/fmlcore@1.18.2-40.1.68/net.minecraftforge.fml.ModContainer.lambda$buildTransitionHandler$4(ModContainer.java:106)
	at java.base/java.util.concurrent.CompletableFuture$AsyncRun.run(CompletableFuture.java:1804)
	at java.base/java.util.concurrent.CompletableFuture$AsyncRun.exec(CompletableFuture.java:1796)
	at java.base/java.util.concurrent.ForkJoinTask.doExec(ForkJoinTask.java:373)
	at java.base/java.util.concurrent.ForkJoinPool$WorkQueue.topLevelExec(ForkJoinPool.java:1182)
	at java.base/java.util.concurrent.ForkJoinPool.scan(ForkJoinPool.java:1655)
	at java.base/java.util.concurrent.ForkJoinPool.runWorker(ForkJoinPool.java:1622)
	at java.base/java.util.concurrent.ForkJoinWorkerThread.run(ForkJoinWorkerThread.java:165)
Caused by: java.lang.IndexOutOfBoundsException: Insufficient maximum stack size.
	at org.objectweb.asm.tree.analysis@9.2.0/org.objectweb.asm.tree.analysis.Frame.push(Frame.java:273)
	at org.objectweb.asm.tree.analysis@9.2.0/org.objectweb.asm.tree.analysis.Frame.execute(Frame.java:326)
	at org.objectweb.asm.tree.analysis@9.2.0/org.objectweb.asm.tree.analysis.Analyzer.analyze(Analyzer.java:188)
	... 47 more
